AUDIT: Checking for Data Leakage...
Traceback (most recent call last):
  File "/Users/macuser/Documents/something/stavki_value_system/venv/lib/python3.9/site-packages/pandas/core/indexes/base.py", line 3812, in get_loc
    return self._engine.get_loc(casted_key)
  File "pandas/_libs/index.pyx", line 167, in pandas._libs.index.IndexEngine.get_loc
  File "pandas/_libs/index.pyx", line 196, in pandas._libs.index.IndexEngine.get_loc
  File "pandas/_libs/hashtable_class_helper.pxi", line 7088, in pandas._libs.hashtable.PyObjectHashTable.get_item
  File "pandas/_libs/hashtable_class_helper.pxi", line 7096, in pandas._libs.hashtable.PyObjectHashTable.get_item
KeyError: 'Date'

The above exception was the direct cause of the following exception:

Traceback (most recent call last):
  File "/Users/macuser/Documents/something/stavki_value_system/scripts/audit_leakage_check.py", line 49, in <module>
    audit_leakage()
  File "/Users/macuser/Documents/something/stavki_value_system/scripts/audit_leakage_check.py", line 15, in audit_leakage
    df['Date'] = pd.to_datetime(df['Date'])
  File "/Users/macuser/Documents/something/stavki_value_system/venv/lib/python3.9/site-packages/pandas/core/frame.py", line 4113, in __getitem__
    indexer = self.columns.get_loc(key)
  File "/Users/macuser/Documents/something/stavki_value_system/venv/lib/python3.9/site-packages/pandas/core/indexes/base.py", line 3819, in get_loc
    raise KeyError(key) from err
KeyError: 'Date'
